======================================================================
STEP 1: Loading NNK Dataset
======================================================================
Loading NNK data from /home/ssgardin/nobackup/autodelete/AggNet/data/100K/massive_exp__aggregation__thompson.xlsx
Processing sheet: NNK1
  Original rows: 39151
  Valid sequences: 37841
  Label distribution: {0: 31120, 1: 6721}
Processing sheet: NNK2
  Original rows: 41545
  Valid sequences: 40094
  Label distribution: {0: 28383, 1: 11711}
Processing sheet: NNK3
  Original rows: 43195
  Valid sequences: 41734
  Label distribution: {0: 36315, 1: 5419}

Combined training data: 119669 sequences
Processing sheet: NNK4
  Original rows: 7626
  Valid sequences: 7394
  Label distribution: {0: 5634, 1: 1760}
Validation data: 7394 sequences

Total sequences: 127063
Sequence length range: 1 - 20
Overall label distribution: {0: 101452, 1: 25611}

Split summary:
  Train: 113685 sequences
  Test: 5984 sequences
  Valid: 7394 sequences

Dataset saved to ./data/NNK

======================================================================
STEP 2: Configuring Training
======================================================================
cmd_args ['/home/ssgardin/nobackup/autodelete/AggNet/data/100K/massive_exp__aggregation__thompson.xlsx']
Traceback (most recent call last):
  File "/home/ssgardin/nobackup/autodelete/AggNet/script/train_apnet.py", line 185, in <module>
    main()
    ~~~~^^
  File "/home/ssgardin/nobackup/autodelete/AggNet/script/train_apnet.py", line 181, in main
    train_apnet_nnk(args.excel_path, config_overrides)
    ~~~~~~~~~~~~~~~^^^^^^^^^^^^^^^^^^^^^^^^^^^^^^^^^^^
  File "/home/ssgardin/nobackup/autodelete/AggNet/script/train_apnet.py", line 63, in train_apnet_nnk
    config = parse_config(*config_args)
  File "/home/ssgardin/nobackup/autodelete/AggNet/utils/config/config_utils.py", line 98, in parse_config
    default_config = merge_config(default_config, *default_config_list)
  File "/home/ssgardin/nobackup/autodelete/AggNet/utils/config/config_utils.py", line 68, in merge_config
    config = OmegaConf.merge(config, OmegaConf.load(x))
                                     ~~~~~~~~~~~~~~^^^
  File "/home/ssgardin/.conda/envs/agnet/lib/python3.13/site-packages/omegaconf/omegaconf.py", line 189, in load
    with io.open(os.path.abspath(file_), "r", encoding="utf-8") as f:
         ~~~~~~~^^^^^^^^^^^^^^^^^^^^^^^^^^^^^^^^^^^^^^^^^^^^^^^
FileNotFoundError: [Errno 2] No such file or directory: '/home/ssgardin/nobackup/autodelete/AggNet/utils/config/default_config/dataset/MyDataset.yaml'
